{"level":"info","message":"::1 - - [Wed, 16 Dec 2015 18:33:30 GMT] \"GET / HTTP/1.1\" 304 - \"-\" \"Mozilla/5.0 (Windows NT 6.3; WOW64; rv:42.0) Gecko/20100101 Firefox/42.0\"\n","timestamp":"2015-12-16T18:33:30.366Z"}
{"level":"info","message":"::1 - - [Wed, 16 Dec 2015 18:33:30 GMT] \"GET /libs/bootstrap/bootstrap-grid-3.3.1.min.css HTTP/1.1\" 304 - \"http://localhost:3000/\" \"Mozilla/5.0 (Windows NT 6.3; WOW64; rv:42.0) Gecko/20100101 Firefox/42.0\"\n","timestamp":"2015-12-16T18:33:30.907Z"}
{"level":"info","message":"::1 - - [Wed, 16 Dec 2015 18:33:30 GMT] \"GET /libs/font-awesome-4.2.0/css/font-awesome.min.css HTTP/1.1\" 304 - \"http://localhost:3000/\" \"Mozilla/5.0 (Windows NT 6.3; WOW64; rv:42.0) Gecko/20100101 Firefox/42.0\"\n","timestamp":"2015-12-16T18:33:30.966Z"}
{"level":"info","message":"::1 - - [Wed, 16 Dec 2015 18:33:31 GMT] \"GET /libs/fancybox/jquery.fancybox.css HTTP/1.1\" 304 - \"http://localhost:3000/\" \"Mozilla/5.0 (Windows NT 6.3; WOW64; rv:42.0) Gecko/20100101 Firefox/42.0\"\n","timestamp":"2015-12-16T18:33:31.014Z"}
{"level":"info","message":"::1 - - [Wed, 16 Dec 2015 18:33:31 GMT] \"GET /libs/jquery-ui/jquery-ui.css HTTP/1.1\" 304 - \"http://localhost:3000/\" \"Mozilla/5.0 (Windows NT 6.3; WOW64; rv:42.0) Gecko/20100101 Firefox/42.0\"\n","timestamp":"2015-12-16T18:33:31.060Z"}
{"level":"info","message":"::1 - - [Wed, 16 Dec 2015 18:33:31 GMT] \"GET /css/fonts.css HTTP/1.1\" 304 - \"http://localhost:3000/\" \"Mozilla/5.0 (Windows NT 6.3; WOW64; rv:42.0) Gecko/20100101 Firefox/42.0\"\n","timestamp":"2015-12-16T18:33:31.166Z"}
{"level":"info","message":"::1 - - [Wed, 16 Dec 2015 18:33:31 GMT] \"GET /css/main.min.css HTTP/1.1\" 304 - \"http://localhost:3000/\" \"Mozilla/5.0 (Windows NT 6.3; WOW64; rv:42.0) Gecko/20100101 Firefox/42.0\"\n","timestamp":"2015-12-16T18:33:31.201Z"}
{"level":"info","message":"::1 - - [Wed, 16 Dec 2015 18:33:31 GMT] \"GET /css/media.css HTTP/1.1\" 304 - \"http://localhost:3000/\" \"Mozilla/5.0 (Windows NT 6.3; WOW64; rv:42.0) Gecko/20100101 Firefox/42.0\"\n","timestamp":"2015-12-16T18:33:31.276Z"}
{"level":"info","message":"::1 - - [Wed, 16 Dec 2015 18:33:31 GMT] \"GET /libs/jquery/jquery-1.11.1.min.js HTTP/1.1\" 304 - \"http://localhost:3000/\" \"Mozilla/5.0 (Windows NT 6.3; WOW64; rv:42.0) Gecko/20100101 Firefox/42.0\"\n","timestamp":"2015-12-16T18:33:31.343Z"}
{"level":"info","message":"::1 - - [Wed, 16 Dec 2015 18:33:31 GMT] \"GET /libs/fancybox/jquery.fancybox.pack.js HTTP/1.1\" 304 - \"http://localhost:3000/\" \"Mozilla/5.0 (Windows NT 6.3; WOW64; rv:42.0) Gecko/20100101 Firefox/42.0\"\n","timestamp":"2015-12-16T18:33:31.356Z"}
{"level":"info","message":"::1 - - [Wed, 16 Dec 2015 18:33:31 GMT] \"GET /libs/jquery-ui/jquery-ui.js HTTP/1.1\" 304 - \"http://localhost:3000/\" \"Mozilla/5.0 (Windows NT 6.3; WOW64; rv:42.0) Gecko/20100101 Firefox/42.0\"\n","timestamp":"2015-12-16T18:33:31.390Z"}
{"level":"info","message":"::1 - - [Wed, 16 Dec 2015 18:33:31 GMT] \"GET /js/common.js HTTP/1.1\" 304 - \"http://localhost:3000/\" \"Mozilla/5.0 (Windows NT 6.3; WOW64; rv:42.0) Gecko/20100101 Firefox/42.0\"\n","timestamp":"2015-12-16T18:33:31.579Z"}
{"level":"info","message":"::1 - - [Wed, 16 Dec 2015 18:33:31 GMT] \"GET /favicon.ico HTTP/1.1\" 304 - \"-\" \"Mozilla/5.0 (Windows NT 6.3; WOW64; rv:42.0) Gecko/20100101 Firefox/42.0\"\n","timestamp":"2015-12-16T18:33:31.644Z"}
{"level":"info","message":"::1 - - [Wed, 16 Dec 2015 18:33:31 GMT] \"GET /img/e1_bg.png HTTP/1.1\" 304 - \"http://localhost:3000/\" \"Mozilla/5.0 (Windows NT 6.3; WOW64; rv:42.0) Gecko/20100101 Firefox/42.0\"\n","timestamp":"2015-12-16T18:33:31.664Z"}
{"level":"info","message":"::1 - - [Wed, 16 Dec 2015 18:33:31 GMT] \"GET /img/e2_bg.png HTTP/1.1\" 304 - \"http://localhost:3000/\" \"Mozilla/5.0 (Windows NT 6.3; WOW64; rv:42.0) Gecko/20100101 Firefox/42.0\"\n","timestamp":"2015-12-16T18:33:31.693Z"}
{"level":"info","message":"::1 - - [Wed, 16 Dec 2015 18:33:31 GMT] \"GET /img/e3_bg.png HTTP/1.1\" 304 - \"http://localhost:3000/\" \"Mozilla/5.0 (Windows NT 6.3; WOW64; rv:42.0) Gecko/20100101 Firefox/42.0\"\n","timestamp":"2015-12-16T18:33:31.739Z"}
{"level":"info","message":"::1 - - [Wed, 16 Dec 2015 18:33:31 GMT] \"GET /img/e4_bg.png HTTP/1.1\" 304 - \"http://localhost:3000/\" \"Mozilla/5.0 (Windows NT 6.3; WOW64; rv:42.0) Gecko/20100101 Firefox/42.0\"\n","timestamp":"2015-12-16T18:33:31.748Z"}
{"level":"info","message":"::1 - - [Wed, 16 Dec 2015 18:33:31 GMT] \"GET /img/e5_bg.png HTTP/1.1\" 304 - \"http://localhost:3000/\" \"Mozilla/5.0 (Windows NT 6.3; WOW64; rv:42.0) Gecko/20100101 Firefox/42.0\"\n","timestamp":"2015-12-16T18:33:31.780Z"}
{"level":"info","message":"::1 - - [Wed, 16 Dec 2015 18:33:31 GMT] \"GET /img/e6_bg.png HTTP/1.1\" 304 - \"http://localhost:3000/\" \"Mozilla/5.0 (Windows NT 6.3; WOW64; rv:42.0) Gecko/20100101 Firefox/42.0\"\n","timestamp":"2015-12-16T18:33:31.795Z"}
{"level":"info","message":"::1 - - [Wed, 16 Dec 2015 18:33:32 GMT] \"GET /img/btn_bg.png HTTP/1.1\" 304 - \"http://localhost:3000/css/main.min.css\" \"Mozilla/5.0 (Windows NT 6.3; WOW64; rv:42.0) Gecko/20100101 Firefox/42.0\"\n","timestamp":"2015-12-16T18:33:32.020Z"}
{"level":"info","message":"::1 - - [Wed, 16 Dec 2015 18:33:32 GMT] \"GET /img/calendar.png HTTP/1.1\" 304 - \"http://localhost:3000/css/main.min.css\" \"Mozilla/5.0 (Windows NT 6.3; WOW64; rv:42.0) Gecko/20100101 Firefox/42.0\"\n","timestamp":"2015-12-16T18:33:32.081Z"}
{"level":"info","message":"::1 - - [Wed, 16 Dec 2015 18:33:32 GMT] \"GET /img/like.png HTTP/1.1\" 304 - \"http://localhost:3000/css/main.min.css\" \"Mozilla/5.0 (Windows NT 6.3; WOW64; rv:42.0) Gecko/20100101 Firefox/42.0\"\n","timestamp":"2015-12-16T18:33:32.114Z"}
{"level":"info","message":"::1 - - [Wed, 16 Dec 2015 18:33:32 GMT] \"GET /img/m_toilet.png HTTP/1.1\" 304 - \"http://localhost:3000/css/main.min.css\" \"Mozilla/5.0 (Windows NT 6.3; WOW64; rv:42.0) Gecko/20100101 Firefox/42.0\"\n","timestamp":"2015-12-16T18:33:32.118Z"}
{"level":"info","message":"::1 - - [Wed, 16 Dec 2015 18:33:32 GMT] \"GET /img/w_toilet.png HTTP/1.1\" 304 - \"http://localhost:3000/css/main.min.css\" \"Mozilla/5.0 (Windows NT 6.3; WOW64; rv:42.0) Gecko/20100101 Firefox/42.0\"\n","timestamp":"2015-12-16T18:33:32.122Z"}
{"level":"info","message":"::1 - - [Wed, 16 Dec 2015 18:33:32 GMT] \"GET /img/line_footer_bg.png HTTP/1.1\" 304 - \"http://localhost:3000/css/main.min.css\" \"Mozilla/5.0 (Windows NT 6.3; WOW64; rv:42.0) Gecko/20100101 Firefox/42.0\"\n","timestamp":"2015-12-16T18:33:32.128Z"}
{"level":"info","message":"::1 - - [Wed, 16 Dec 2015 18:33:32 GMT] \"GET /favicon.ico HTTP/1.1\" 304 - \"-\" \"Mozilla/5.0 (Windows NT 6.3; WOW64; rv:42.0) Gecko/20100101 Firefox/42.0\"\n","timestamp":"2015-12-16T18:33:32.133Z"}
